INFO: [VRFC 10-2263] Analyzing Verilog file "C:/Users/krivo/VGA+KEY/VGA+KEY.srcs/sources_1/new/D_trig.v" into library xil_defaultlib
INFO: [VRFC 10-311] analyzing module D_trig
WARNING: [VRFC 10-965] invalid size of integer constant literal [C:/Users/krivo/VGA+KEY/VGA+KEY.srcs/sources_1/new/D_trig.v:13]
INFO: [VRFC 10-2263] Analyzing Verilog file "C:/Users/krivo/VGA+KEY/VGA+KEY.srcs/sources_1/new/bounce.v" into library xil_defaultlib
INFO: [VRFC 10-311] analyzing module bounce
WARNING: [VRFC 10-965] invalid size of integer constant literal [C:/Users/krivo/VGA+KEY/VGA+KEY.srcs/sources_1/new/bounce.v:20]
INFO: [VRFC 10-2263] Analyzing Verilog file "C:/Users/krivo/VGA+KEY/VGA+KEY.srcs/sources_1/new/clk_div.v" into library xil_defaultlib
INFO: [VRFC 10-311] analyzing module clk_div
INFO: [VRFC 10-2263] Analyzing Verilog file "C:/Users/krivo/VGA+KEY/VGA+KEY.srcs/sources_1/new/counter.v" into library xil_defaultlib
INFO: [VRFC 10-311] analyzing module counter
INFO: [VRFC 10-2263] Analyzing Verilog file "C:/Users/krivo/VGA+KEY/VGA+KEY.srcs/sources_1/new/digits10.v" into library xil_defaultlib
INFO: [VRFC 10-311] analyzing module digits10_case
INFO: [VRFC 10-2263] Analyzing Verilog file "C:/Users/krivo/VGA+KEY/VGA+KEY.srcs/sources_1/new/hvsync_generator.v" into library xil_defaultlib
INFO: [VRFC 10-311] analyzing module hvsync_generator
INFO: [VRFC 10-2263] Analyzing Verilog file "C:/Users/krivo/VGA+KEY/VGA+KEY.srcs/sources_1/new/keyboard.v" into library xil_defaultlib
INFO: [VRFC 10-311] analyzing module keyboard
INFO: [VRFC 10-2263] Analyzing Verilog file "C:/Users/krivo/VGA+KEY/VGA+KEY.srcs/sources_1/new/mainfsm.v" into library xil_defaultlib
INFO: [VRFC 10-311] analyzing module mainfsm
INFO: [VRFC 10-2263] Analyzing Verilog file "C:/Users/krivo/VGA+KEY/VGA+KEY.srcs/sources_1/new/scoreboard_generator.v" into library xil_defaultlib
INFO: [VRFC 10-311] analyzing module scoreboard_generator
INFO: [VRFC 10-2263] Analyzing Verilog file "C:/Users/krivo/VGA+KEY/VGA+KEY.srcs/sources_1/new/sync.v" into library xil_defaultlib
INFO: [VRFC 10-311] analyzing module sync
WARNING: [VRFC 10-965] invalid size of integer constant literal [C:/Users/krivo/VGA+KEY/VGA+KEY.srcs/sources_1/new/sync.v:11]
WARNING: [VRFC 10-965] invalid size of integer constant literal [C:/Users/krivo/VGA+KEY/VGA+KEY.srcs/sources_1/new/sync.v:12]
INFO: [VRFC 10-2263] Analyzing Verilog file "C:/Users/krivo/VGA+KEY/VGA+KEY.srcs/sources_1/new/top2.v" into library xil_defaultlib
INFO: [VRFC 10-311] analyzing module top2
WARNING: [VRFC 10-3248] data object 'reset_button' is already declared [C:/Users/krivo/VGA+KEY/VGA+KEY.srcs/sources_1/new/top2.v:27]
WARNING: [VRFC 10-3703] second declaration of 'reset_button' ignored [C:/Users/krivo/VGA+KEY/VGA+KEY.srcs/sources_1/new/top2.v:27]
WARNING: [VRFC 10-965] invalid size of integer constant literal [C:/Users/krivo/VGA+KEY/VGA+KEY.srcs/sources_1/new/top2.v:30]
WARNING: [VRFC 10-965] invalid size of integer constant literal [C:/Users/krivo/VGA+KEY/VGA+KEY.srcs/sources_1/new/top2.v:31]
INFO: [VRFC 10-2263] Analyzing Verilog file "C:/Users/krivo/VGA+KEY/VGA+KEY.srcs/sources_1/new/vga.v" into library xil_defaultlib
INFO: [VRFC 10-311] analyzing module vga
INFO: [VRFC 10-2263] Analyzing Verilog file "C:/Users/krivo/VGA+KEY/VGA+KEY.srcs/sim_1/new/testbench.v" into library xil_defaultlib
INFO: [VRFC 10-311] analyzing module testbench
