Copyright 1986-2021 Xilinx, Inc. All Rights Reserved.
------------------------------------------------------------------------------------
| Tool Version : Vivado v.2021.2 (win64) Build 3367213 Tue Oct 19 02:48:09 MDT 2021
| Date         : Wed Nov 23 22:52:40 2022
| Host         : DESKTOP-UQRQIBB running 64-bit major release  (build 9200)
| Command      : report_control_sets -verbose -file top2_control_sets_placed.rpt
| Design       : top2
| Device       : xc7a100t
------------------------------------------------------------------------------------

Control Set Information

Table of Contents
-----------------
1. Summary
2. Histogram
3. Flip-Flop Distribution
4. Detailed Control Set Information

1. Summary
----------

+----------------------------------------------------------+-------+
|                          Status                          | Count |
+----------------------------------------------------------+-------+
| Total control sets                                       |   156 |
|    Minimum number of control sets                        |   156 |
|    Addition due to synthesis replication                 |     0 |
|    Addition due to physical synthesis replication        |     0 |
| Unused register locations in slices containing registers |   568 |
+----------------------------------------------------------+-------+
* Control sets can be merged at opt_design using control_set_merge or merge_equivalent_drivers
** Run report_qor_suggestions for automated merging and remapping suggestions


2. Histogram
------------

+--------------------+-------+
|       Fanout       | Count |
+--------------------+-------+
| Total control sets |   156 |
| >= 0 to < 4        |     2 |
| >= 4 to < 6        |   130 |
| >= 6 to < 8        |     1 |
| >= 8 to < 10       |    18 |
| >= 10 to < 12      |     3 |
| >= 12 to < 14      |     0 |
| >= 14 to < 16      |     0 |
| >= 16              |     2 |
+--------------------+-------+
* Control sets can be remapped at either synth_design or opt_design


3. Flip-Flop Distribution
-------------------------

+--------------+-----------------------+------------------------+-----------------+--------------+
| Clock Enable | Synchronous Set/Reset | Asynchronous Set/Reset | Total Registers | Total Slices |
+--------------+-----------------------+------------------------+-----------------+--------------+
| No           | No                    | No                     |              74 |           34 |
| No           | No                    | Yes                    |               0 |            0 |
| No           | Yes                   | No                     |              11 |            4 |
| Yes          | No                    | No                     |             504 |          215 |
| Yes          | No                    | Yes                    |               0 |            0 |
| Yes          | Yes                   | No                     |             163 |           44 |
+--------------+-----------------------+------------------------+-----------------+--------------+


4. Detailed Control Set Information
-----------------------------------

+--------------------+-----------------------------------+-----------------------------------+------------------+----------------+--------------+
|    Clock Signal    |           Enable Signal           |          Set/Reset Signal         | Slice Load Count | Bel Load Count | Bels / Slice |
+--------------------+-----------------------------------+-----------------------------------+------------------+----------------+--------------+
|  PS2_CLK_IBUF_BUFG | keyboard/reset_i_1_n_0            | keyboard/reset0                   |                1 |              1 |         1.00 |
|  PS2_CLK_IBUF_BUFG | keyboard/nextState_i_1_n_0        | keyboard/reset0                   |                1 |              1 |         1.00 |
|  clk_BUFG          | mainfsm/memory[11][15][3]_i_1_n_0 |                                   |                1 |              4 |         4.00 |
|  clk_BUFG          | mainfsm/memory[9][8][0]_i_2_n_0   | mainfsm/memory[9][8][0]_i_1_n_0   |                1 |              4 |         4.00 |
|  clk_BUFG          | mainfsm/memory[9][15][0]_i_2_n_0  | mainfsm/memory[9][15][0]_i_1_n_0  |                1 |              4 |         4.00 |
|  clk_BUFG          | mainfsm/memory[8][8][3]_i_2_n_0   | mainfsm/memory[8][8][3]_i_1_n_0   |                1 |              4 |         4.00 |
|  clk_BUFG          | mainfsm/memory[0][0][3]_i_1_n_0   |                                   |                3 |              4 |         1.33 |
|  clk_BUFG          | mainfsm/memory[10][12][0]_i_1_n_0 |                                   |                2 |              4 |         2.00 |
|  clk_BUFG          | mainfsm/memory[9][9][3]_i_2_n_0   | mainfsm/memory[9][9][3]_i_1_n_0   |                1 |              4 |         4.00 |
|  clk_BUFG          | mainfsm/memory[10][11][0]_i_2_n_0 | mainfsm/memory[10][11][0]_i_1_n_0 |                1 |              4 |         4.00 |
|  clk_BUFG          | mainfsm/memory[10][14][0]_i_1_n_0 |                                   |                2 |              4 |         2.00 |
|  clk_BUFG          | mainfsm/memory[10][13][0]_i_2_n_0 | mainfsm/memory[10][13][0]_i_1_n_0 |                1 |              4 |         4.00 |
|  clk_BUFG          | mainfsm/memory[10][10][3]_i_2_n_0 | mainfsm/memory[10][10][3]_i_1_n_0 |                1 |              4 |         4.00 |
|  clk_BUFG          | mainfsm/memory[11][12][0]_i_1_n_0 |                                   |                2 |              4 |         2.00 |
|  clk_BUFG          | mainfsm/memory[9][12][0]_i_2_n_0  | mainfsm/memory[9][12][0]_i_1_n_0  |                1 |              4 |         4.00 |
|  clk_BUFG          | mainfsm/memory[11][14][0]_i_1_n_0 |                                   |                2 |              4 |         2.00 |
|  clk_BUFG          | mainfsm/memory[12][12][3]_i_2_n_0 | mainfsm/memory[12][12][3]_i_1_n_0 |                1 |              4 |         4.00 |
|  clk_BUFG          | mainfsm/memory[9][11][0]_i_1_n_0  |                                   |                1 |              4 |         4.00 |
|  clk_BUFG          | mainfsm/memory[10][15][3]_i_1_n_0 |                                   |                1 |              4 |         4.00 |
|  clk_BUFG          | mainfsm/memory[11][11][3]_i_2_n_0 | mainfsm/memory[11][11][3]_i_1_n_0 |                1 |              4 |         4.00 |
|  clk_BUFG          | mainfsm/memory[12][14][0]_i_1_n_0 |                                   |                1 |              4 |         4.00 |
|  clk_BUFG          | keyboard/E[0]                     |                                   |                1 |              4 |         4.00 |
|  clk_BUFG          | mainfsm/memory[11][13][0]_i_1_n_0 |                                   |                1 |              4 |         4.00 |
|  clk_BUFG          | mainfsm/memory[13][12][0]_i_1_n_0 |                                   |                2 |              4 |         2.00 |
|  clk_BUFG          | mainfsm/memory[12][15][0]_i_1_n_0 |                                   |                2 |              4 |         2.00 |
|  clk_BUFG          | mainfsm/memory[13][15][0]_i_1_n_0 |                                   |                2 |              4 |         2.00 |
|  clk_BUFG          | mainfsm/memory[13][6][3]_i_1_n_0  |                                   |                1 |              4 |         4.00 |
|  clk_BUFG          | mainfsm/memory[13][14][0]_i_1_n_0 |                                   |                1 |              4 |         4.00 |
|  clk_BUFG          | mainfsm/memory[9][10][0]_i_1_n_0  |                                   |                2 |              4 |         2.00 |
|  clk_BUFG          | mainfsm/memory[13][13][3]_i_2_n_0 | mainfsm/memory[13][13][3]_i_1_n_0 |                1 |              4 |         4.00 |
|  clk_BUFG          | mainfsm/memory[9][13][0]_i_1_n_0  |                                   |                2 |              4 |         2.00 |
|  clk_BUFG          | mainfsm/memory[14][14][3]_i_2_n_0 | mainfsm/memory[14][14][3]_i_1_n_0 |                1 |              4 |         4.00 |
|  clk_BUFG          | mainfsm/memory[14][15][0]_i_1_n_0 |                                   |                1 |              4 |         4.00 |
|  clk_BUFG          | mainfsm/memory[15][10][3]_i_1_n_0 |                                   |                1 |              4 |         4.00 |
|  clk_BUFG          | mainfsm/minNumber[3]_i_1_n_0      |                                   |                1 |              4 |         4.00 |
|  clk_BUFG          | mainfsm/memory[15][11][3]_i_1_n_0 |                                   |                1 |              4 |         4.00 |
|  clk_BUFG          | mainfsm/memory[15][15][3]_i_1_n_0 |                                   |                4 |              4 |         1.00 |
|  clk_BUFG          | mainfsm/min                       |                                   |                1 |              4 |         4.00 |
|  clk_BUFG          | mainfsm/memory[15][7][3]_i_1_n_0  |                                   |                1 |              4 |         4.00 |
|  clk_BUFG          | mainfsm/memory[1][10][0]_i_1_n_0  |                                   |                2 |              4 |         2.00 |
|  clk_BUFG          | mainfsm/min[3]_i_2_n_0            | mainfsm/min                       |                1 |              4 |         4.00 |
|  PS2_CLK_IBUF_BUFG | keyboard/out_data[3]_i_1_n_0      |                                   |                2 |              4 |         2.00 |
|  clk_BUFG          | mainfsm/memory[1][12][0]_i_1_n_0  |                                   |                3 |              4 |         1.33 |
|  clk_BUFG          | mainfsm/memory[1][1][3]_i_2_n_0   | mainfsm/memory[1][1][3]_i_1_n_0   |                1 |              4 |         4.00 |
|  clk_BUFG          | mainfsm/memory[1][3][0]_i_1_n_0   |                                   |                1 |              4 |         4.00 |
|  clk_BUFG          | mainfsm/memory[1][8][0]_i_1_n_0   |                                   |                1 |              4 |         4.00 |
|  clk_BUFG          | mainfsm/memory[1][13][0]_i_1_n_0  |                                   |                2 |              4 |         2.00 |
|  clk_BUFG          | mainfsm/memory[1][2][0]_i_1_n_0   |                                   |                1 |              4 |         4.00 |
|  clk_BUFG          | mainfsm/memory[1][15][0]_i_1_n_0  |                                   |                1 |              4 |         4.00 |
|  clk_BUFG          | mainfsm/memory[1][11][0]_i_1_n_0  |                                   |                2 |              4 |         2.00 |
|  clk_BUFG          | mainfsm/memory[1][14][0]_i_1_n_0  |                                   |                3 |              4 |         1.33 |
|  clk_BUFG          | mainfsm/memory[1][9][0]_i_1_n_0   |                                   |                3 |              4 |         1.33 |
|  clk_BUFG          | mainfsm/memory[2][12][0]_i_1_n_0  |                                   |                2 |              4 |         2.00 |
|  clk_BUFG          | mainfsm/memory[2][14][0]_i_1_n_0  |                                   |                2 |              4 |         2.00 |
|  clk_BUFG          | mainfsm/memory[2][15][0]_i_1_n_0  |                                   |                2 |              4 |         2.00 |
|  clk_BUFG          | mainfsm/memory[2][2][3]_i_2_n_0   | mainfsm/memory[2][2][3]_i_1_n_0   |                1 |              4 |         4.00 |
|  clk_BUFG          | mainfsm/memory[2][10][0]_i_1_n_0  |                                   |                3 |              4 |         1.33 |
|  clk_BUFG          | mainfsm/memory[2][11][0]_i_1_n_0  |                                   |                2 |              4 |         2.00 |
|  clk_BUFG          | mainfsm/memory[2][13][0]_i_1_n_0  |                                   |                1 |              4 |         4.00 |
|  clk_BUFG          | mainfsm/memory[2][3][0]_i_1_n_0   |                                   |                1 |              4 |         4.00 |
|  clk_BUFG          | mainfsm/memory[3][14][0]_i_2_n_0  | mainfsm/memory[3][14][0]_i_1_n_0  |                1 |              4 |         4.00 |
|  clk_BUFG          | mainfsm/memory[2][9][0]_i_1_n_0   |                                   |                1 |              4 |         4.00 |
|  clk_BUFG          | mainfsm/memory[3][10][0]_i_2_n_0  | mainfsm/memory[3][10][0]_i_1_n_0  |                1 |              4 |         4.00 |
|  clk_BUFG          | mainfsm/memory[3][13][0]_i_2_n_0  | mainfsm/memory[3][13][0]_i_1_n_0  |                1 |              4 |         4.00 |
|  clk_BUFG          | mainfsm/memory[3][3][3]_i_2_n_0   | mainfsm/memory[3][3][3]_i_1_n_0   |                1 |              4 |         4.00 |
|  clk_BUFG          | mainfsm/memory[3][12][0]_i_1_n_0  |                                   |                1 |              4 |         4.00 |
|  clk_BUFG          | mainfsm/memory[2][8][0]_i_1_n_0   |                                   |                1 |              4 |         4.00 |
|  clk_BUFG          | mainfsm/memory[3][8][0]_i_2_n_0   | mainfsm/memory[3][8][0]_i_1_n_0   |                1 |              4 |         4.00 |
|  clk_BUFG          | mainfsm/memory[3][9][0]_i_1_n_0   |                                   |                1 |              4 |         4.00 |
|  clk_BUFG          | mainfsm/memory[3][15][0]_i_2_n_0  | mainfsm/memory[3][15][0]_i_1_n_0  |                1 |              4 |         4.00 |
|  clk_BUFG          | mainfsm/memory[3][11][0]_i_2_n_0  | mainfsm/memory[3][11][0]_i_1_n_0  |                1 |              4 |         4.00 |
|  clk_BUFG          | mainfsm/memory[4][12][0]_i_1_n_0  |                                   |                1 |              4 |         4.00 |
|  clk_BUFG          | mainfsm/memory[4][14][0]_i_1_n_0  |                                   |                1 |              4 |         4.00 |
|  clk_BUFG          | mainfsm/memory[4][3][0]_i_2_n_0   | mainfsm/memory[4][3][0]_i_1_n_0   |                1 |              4 |         4.00 |
|  clk_BUFG          | mainfsm/memory[4][11][0]_i_1_n_0  |                                   |                2 |              4 |         2.00 |
|  clk_BUFG          | mainfsm/memory[4][15][0]_i_1_n_0  |                                   |                2 |              4 |         2.00 |
|  clk_BUFG          | mainfsm/memory[4][4][3]_i_2_n_0   | mainfsm/memory[4][4][3]_i_1_n_0   |                1 |              4 |         4.00 |
|  clk_BUFG          | mainfsm/memory[4][13][0]_i_1_n_0  |                                   |                1 |              4 |         4.00 |
|  clk_BUFG          | mainfsm/memory[5][1][0]_i_1_n_0   |                                   |                2 |              4 |         2.00 |
|  clk_BUFG          | mainfsm/memory[4][1][0]_i_1_n_0   |                                   |                1 |              4 |         4.00 |
|  clk_BUFG          | mainfsm/memory[4][10][0]_i_1_n_0  |                                   |                1 |              4 |         4.00 |
|  clk_BUFG          | mainfsm/memory[4][2][0]_i_1_n_0   |                                   |                2 |              4 |         2.00 |
|  clk_BUFG          | mainfsm/memory[4][8][0]_i_1_n_0   |                                   |                1 |              4 |         4.00 |
|  clk_BUFG          | mainfsm/memory[4][6][0]_i_2_n_0   | mainfsm/memory[4][6][0]_i_1_n_0   |                1 |              4 |         4.00 |
|  clk_BUFG          | mainfsm/memory[5][12][0]_i_1_n_0  |                                   |                2 |              4 |         2.00 |
|  clk_BUFG          | mainfsm/memory[5][11][0]_i_1_n_0  |                                   |                1 |              4 |         4.00 |
|  clk_BUFG          | mainfsm/memory[5][13][0]_i_1_n_0  |                                   |                2 |              4 |         2.00 |
|  clk_BUFG          | mainfsm/memory[4][9][0]_i_1_n_0   |                                   |                1 |              4 |         4.00 |
|  clk_BUFG          | mainfsm/memory[4][7][0]_i_2_n_0   | mainfsm/memory[4][7][0]_i_1_n_0   |                1 |              4 |         4.00 |
|  clk_BUFG          | mainfsm/memory[5][10][0]_i_1_n_0  |                                   |                1 |              4 |         4.00 |
|  clk_BUFG          | mainfsm/memory[5][3][0]_i_2_n_0   | mainfsm/memory[5][3][0]_i_1_n_0   |                1 |              4 |         4.00 |
|  clk_BUFG          | mainfsm/memory[5][6][0]_i_2_n_0   | mainfsm/memory[5][6][0]_i_1_n_0   |                1 |              4 |         4.00 |
|  clk_BUFG          | mainfsm/memory[5][7][0]_i_2_n_0   | mainfsm/memory[5][7][0]_i_1_n_0   |                1 |              4 |         4.00 |
|  clk_BUFG          | mainfsm/memory[5][4][0]_i_2_n_0   | mainfsm/memory[5][4][0]_i_1_n_0   |                1 |              4 |         4.00 |
|  clk_BUFG          | mainfsm/memory[5][8][0]_i_1_n_0   |                                   |                1 |              4 |         4.00 |
|  clk_BUFG          | mainfsm/memory[5][15][0]_i_1_n_0  |                                   |                2 |              4 |         2.00 |
|  clk_BUFG          | mainfsm/memory[5][14][0]_i_1_n_0  |                                   |                1 |              4 |         4.00 |
|  clk_BUFG          | mainfsm/memory[5][9][0]_i_1_n_0   |                                   |                2 |              4 |         2.00 |
|  clk_BUFG          | mainfsm/memory[5][5][3]_i_2_n_0   | mainfsm/memory[5][5][3]_i_1_n_0   |                1 |              4 |         4.00 |
|  clk_BUFG          | mainfsm/memory[5][2][0]_i_1_n_0   |                                   |                1 |              4 |         4.00 |
|  clk_BUFG          | mainfsm/memory[6][14][0]_i_1_n_0  |                                   |                3 |              4 |         1.33 |
|  clk_BUFG          | mainfsm/memory[6][12][0]_i_1_n_0  |                                   |                1 |              4 |         4.00 |
|  clk_BUFG          | mainfsm/memory[6][7][0]_i_2_n_0   | mainfsm/memory[6][7][0]_i_1_n_0   |                1 |              4 |         4.00 |
|  clk_BUFG          | mainfsm/memory[6][3][0]_i_1_n_0   |                                   |                2 |              4 |         2.00 |
|  clk_BUFG          | mainfsm/memory[6][15][0]_i_1_n_0  |                                   |                3 |              4 |         1.33 |
|  clk_BUFG          | mainfsm/memory[6][8][0]_i_1_n_0   |                                   |                3 |              4 |         1.33 |
|  clk_BUFG          | mainfsm/memory[6][9][0]_i_1_n_0   |                                   |                1 |              4 |         4.00 |
|  clk_BUFG          | mainfsm/memory[6][11][0]_i_1_n_0  |                                   |                1 |              4 |         4.00 |
|  clk_BUFG          | mainfsm/memory[6][10][0]_i_2_n_0  | mainfsm/memory[6][10][0]_i_1_n_0  |                1 |              4 |         4.00 |
|  clk_BUFG          | mainfsm/memory[6][1][0]_i_1_n_0   |                                   |                1 |              4 |         4.00 |
|  clk_BUFG          | mainfsm/memory[6][6][3]_i_2_n_0   | mainfsm/memory[6][6][3]_i_1_n_0   |                1 |              4 |         4.00 |
|  clk_BUFG          | mainfsm/memory[6][13][3]_i_1_n_0  |                                   |                1 |              4 |         4.00 |
|  clk_BUFG          | mainfsm/memory[6][2][0]_i_1_n_0   |                                   |                1 |              4 |         4.00 |
|  clk_BUFG          | mainfsm/memory[7][2][0]_i_1_n_0   |                                   |                1 |              4 |         4.00 |
|  clk_BUFG          | mainfsm/memory[7][10][0]_i_1_n_0  |                                   |                1 |              4 |         4.00 |
|  clk_BUFG          | mainfsm/memory[7][11][0]_i_1_n_0  |                                   |                2 |              4 |         2.00 |
|  clk_BUFG          | mainfsm/memory[7][13][0]_i_1_n_0  |                                   |                2 |              4 |         2.00 |
|  clk_BUFG          | mainfsm/memory[7][14][0]_i_1_n_0  |                                   |                1 |              4 |         4.00 |
|  clk_BUFG          | mainfsm/memory[7][3][0]_i_2_n_0   | mainfsm/memory[7][3][0]_i_1_n_0   |                1 |              4 |         4.00 |
|  clk_BUFG          | mainfsm/memory[7][7][3]_i_2_n_0   | mainfsm/memory[7][7][3]_i_1_n_0   |                1 |              4 |         4.00 |
|  clk_BUFG          | mainfsm/memory[7][8][0]_i_1_n_0   |                                   |                1 |              4 |         4.00 |
|  clk_BUFG          | mainfsm/memory[7][1][0]_i_1_n_0   |                                   |                1 |              4 |         4.00 |
|  clk_BUFG          | mainfsm/memory[7][12][0]_i_1_n_0  |                                   |                1 |              4 |         4.00 |
|  clk_BUFG          | mainfsm/memory[7][15][3]_i_1_n_0  |                                   |                2 |              4 |         2.00 |
|  clk_BUFG          | mainfsm/memory[8][15][0]_i_1_n_0  |                                   |                2 |              4 |         2.00 |
|  clk_BUFG          | mainfsm/memory[8][13][0]_i_1_n_0  |                                   |                1 |              4 |         4.00 |
|  clk_BUFG          | mainfsm/memory[8][10][0]_i_1_n_0  |                                   |                2 |              4 |         2.00 |
|  clk_BUFG          | mainfsm/memory[8][12][0]_i_1_n_0  |                                   |                2 |              4 |         2.00 |
|  clk_BUFG          | mainfsm/memory[8][11][0]_i_1_n_0  |                                   |                2 |              4 |         2.00 |
|  clk_BUFG          | mainfsm/memory[7][9][0]_i_1_n_0   |                                   |                2 |              4 |         2.00 |
|  clk_BUFG          | mainfsm/memory[8][14][0]_i_1_n_0  |                                   |                2 |              4 |         2.00 |
|  clk_BUFG          | mainfsm/memory[9][14][0]_i_1_n_0  |                                   |                2 |              4 |         2.00 |
|  PS2_CLK_IBUF_BUFG | keyboard/code                     | keyboard/code[7]_i_1_n_0          |                2 |              6 |         3.00 |
|  clk_BUFG          | mainfsm/memory[10][0][3]_i_1_n_0  |                                   |                3 |              8 |         2.67 |
|  clk_BUFG          | mainfsm/memory[12][0][3]_i_1_n_0  |                                   |                3 |              8 |         2.67 |
|  clk_BUFG          | mainfsm/memory[11][0][3]_i_1_n_0  |                                   |                8 |              8 |         1.00 |
|  clk_BUFG          | mainfsm/memory[13][0][3]_i_1_n_0  |                                   |                3 |              8 |         2.67 |
|  clk_BUFG          | mainfsm/memory[14][0][3]_i_1_n_0  |                                   |                3 |              8 |         2.67 |
|  clk_BUFG          | mainfsm/memory[15][0][3]_i_1_n_0  |                                   |                5 |              8 |         1.60 |
|  clk_BUFG          | mainfsm/memory[1][0][3]_i_1_n_0   |                                   |                5 |              8 |         1.60 |
|  clk_BUFG          | keyboard/w2_reg[0]                |                                   |                2 |              8 |         4.00 |
|  clk_BUFG          | mainfsm/memory[5][0][3]_i_1_n_0   |                                   |                5 |              8 |         1.60 |
|  clk_BUFG          | mainfsm/memory[7][0][3]_i_1_n_0   |                                   |                4 |              8 |         2.00 |
|  clk_BUFG          | mainfsm/memory[4][0][3]_i_1_n_0   |                                   |                3 |              8 |         2.67 |
|  clk_BUFG          | mainfsm/memory[9][0][3]_i_1_n_0   |                                   |                4 |              8 |         2.00 |
|  clk_BUFG          | mainfsm/memory[6][0][3]_i_1_n_0   |                                   |                5 |              8 |         1.60 |
|  clk_BUFG          | mainfsm/p_0_in__0                 |                                   |                1 |              8 |         8.00 |
|  clk_BUFG          | mainfsm/memory[8][0][3]_i_1_n_0   |                                   |                4 |              8 |         2.00 |
|  clk_BUFG          | mainfsm/memory[3][0][3]_i_1_n_0   |                                   |                5 |              8 |         1.60 |
|  clk_BUFG          | mainfsm/memory[2][0][3]_i_1_n_0   |                                   |                4 |              8 |         2.00 |
|  PS2_CLK_IBUF_BUFG |                                   |                                   |                3 |              9 |         3.00 |
|  hsync_reg_i_2_n_0 |                                   |                                   |                9 |             10 |         1.11 |
|  hsync_reg_i_2_n_0 |                                   | vgaaa/hvsync_gen/hmaxxed          |                4 |             11 |         2.75 |
|  hsync_reg_i_2_n_0 | vgaaa/hvsync_gen/hmaxxed          | vgaaa/hvsync_gen/vpos[10]_i_1_n_0 |                4 |             11 |         2.75 |
|  clk_old_IBUF_BUFG |                                   |                                   |                8 |             20 |         2.50 |
|  clk_BUFG          |                                   |                                   |               14 |             35 |         2.50 |
+--------------------+-----------------------------------+-----------------------------------+------------------+----------------+--------------+


